<?xml version="1.0" encoding="UTF-8"?>
<!-- Generated by org.testng.reporters.JUnitXMLReporter -->
<testsuite hostname="DESKTOP-O3E0A86" ignored="1" name="PTC UI Frameork" tests="4" failures="0" timestamp="2020-03-10T08:00:04 IST" time="17.529" errors="0">
  <testcase name="login" time="1.697" classname="test_cases.LoginTest"/>
  <testcase name="selectNewCustomer" time="1.06" classname="test_cases.NewCustomerTest"/>
  <testcase name="enterGender" time="0.028" classname="test_cases.NewCustomerTest"/>
  <testcase name="enterCustomerName" time="0.09" classname="test_cases.NewCustomerTest"/>
  <testcase name="@AfterSuite TeardownTest" time="0.0" classname="Base.TestBase">
    <ignored/>
  </testcase> <!-- @AfterSuite TeardownTest -->
</testsuite> <!-- PTC UI Frameork -->
