<?xml version="1.0" encoding="UTF-8"?>
<!-- Generated by org.testng.reporters.JUnitXMLReporter -->
<testsuite hostname="DESKTOP-O3E0A86" ignored="1" name="PTC UI Frameork" tests="4" failures="0" timestamp="2020-03-09T19:12:28 IST" time="31.558" errors="0">
  <testcase name="login" time="1.479" classname="test_cases.LoginTest"/>
  <testcase name="selectNewCustomer" time="0.627" classname="test_cases.NewCustomerTest"/>
  <testcase name="enterGender" time="0.061" classname="test_cases.NewCustomerTest"/>
  <testcase name="enterCustomerName" time="0.137" classname="test_cases.NewCustomerTest"/>
  <testcase name="@AfterSuite TeardownTest" time="0.0" classname="Base.TestBase">
    <ignored/>
  </testcase> <!-- @AfterSuite TeardownTest -->
</testsuite> <!-- PTC UI Frameork -->
