<?xml version="1.0" encoding="UTF-8"?>
<!-- Generated by org.testng.reporters.JUnitXMLReporter -->
<testsuite hostname="DESKTOP-O3E0A86" ignored="1" name="Test" tests="4" failures="0" timestamp="2020-03-09T18:49:03 IST" time="41.539" errors="0">
  <testcase name="login" time="2.047" classname="test_cases.LoginTest"/>
  <testcase name="selectNewCustomer" time="0.91" classname="test_cases.NewCustomerTest"/>
  <testcase name="enterGender" time="0.034" classname="test_cases.NewCustomerTest"/>
  <testcase name="enterCustomerName" time="0.188" classname="test_cases.NewCustomerTest"/>
  <testcase name="@AfterSuite TeardownTest" time="0.0" classname="Base.TestBase">
    <ignored/>
  </testcase> <!-- @AfterSuite TeardownTest -->
</testsuite> <!-- Test -->
