<?xml version="1.0" encoding="UTF-8"?>
<testng-results skipped="0" failed="0" ignored="0" total="4" passed="4">
  <reporter-output>
  </reporter-output>
  <suite name="Suite" duration-ms="31527" started-at="2020-03-11T19:39:09 IST" finished-at="2020-03-11T19:39:40 IST">
    <groups>
    </groups>
    <test name="PTC UI Frameork" duration-ms="31527" started-at="2020-03-11T19:39:09 IST" finished-at="2020-03-11T19:39:40 IST">
      <class name="test_cases.NewCustomerTest">
        <test-method status="PASS" signature="setup()[pri:0, instance:test_cases.NewCustomerTest@27808f31]" name="setup" is-config="true" duration-ms="3" started-at="2020-03-11T19:39:26 IST" finished-at="2020-03-11T19:39:26 IST">
          <reporter-output>
          </reporter-output>
        </test-method> <!-- setup -->
        <test-method status="PASS" signature="setUp()[pri:0, instance:test_cases.NewCustomerTest@27808f31]" name="setUp" is-config="true" duration-ms="3" started-at="2020-03-11T19:39:27 IST" finished-at="2020-03-11T19:39:27 IST">
          <reporter-output>
          </reporter-output>
        </test-method> <!-- setUp -->
        <test-method status="PASS" signature="enterCustomerDataHere(java.lang.String, java.lang.String, java.lang.String, java.lang.String, java.lang.String, java.lang.String, java.lang.String, java.lang.String, java.lang.String)[pri:2, instance:test_cases.NewCustomerTest@27808f31]" name="enterCustomerDataHere" duration-ms="6801" started-at="2020-03-11T19:39:27 IST" data-provider="readExcel" finished-at="2020-03-11T19:39:34 IST">
          <params>
            <param index="0">
              <value>
                <![CDATA[phjgdsf]]>
              </value>
            </param>
            <param index="1">
              <value>
                <![CDATA[12-03-1978]]>
              </value>
            </param>
            <param index="2">
              <value>
                <![CDATA[C402 Colonnade Society Kharadi Pune]]>
              </value>
            </param>
            <param index="3">
              <value>
                <![CDATA[Pune]]>
              </value>
            </param>
            <param index="4">
              <value>
                <![CDATA[Mah]]>
              </value>
            </param>
            <param index="5">
              <value>
                <![CDATA[100000]]>
              </value>
            </param>
            <param index="6">
              <value>
                <![CDATA[9999999991]]>
              </value>
            </param>
            <param index="7">
              <value>
                <![CDATA[krtrhfhd3@abc.com]]>
              </value>
            </param>
            <param index="8">
              <value>
                <![CDATA[xyz1]]>
              </value>
            </param>
          </params>
          <reporter-output>
          </reporter-output>
        </test-method> <!-- enterCustomerDataHere -->
        <test-method status="PASS" signature="setUp()[pri:0, instance:test_cases.NewCustomerTest@27808f31]" name="setUp" is-config="true" duration-ms="4" started-at="2020-03-11T19:39:34 IST" finished-at="2020-03-11T19:39:34 IST">
          <reporter-output>
          </reporter-output>
        </test-method> <!-- setUp -->
        <test-method status="PASS" signature="enterCustomerDataHere(java.lang.String, java.lang.String, java.lang.String, java.lang.String, java.lang.String, java.lang.String, java.lang.String, java.lang.String, java.lang.String)[pri:2, instance:test_cases.NewCustomerTest@27808f31]" name="enterCustomerDataHere" duration-ms="6305" started-at="2020-03-11T19:39:34 IST" data-provider="readExcel" finished-at="2020-03-11T19:39:40 IST">
          <params>
            <param index="0">
              <value>
                <![CDATA[dfgyyrshert]]>
              </value>
            </param>
            <param index="1">
              <value>
                <![CDATA[12-03-1979]]>
              </value>
            </param>
            <param index="2">
              <value>
                <![CDATA[C400 Colonnade Society Kharadi Pune]]>
              </value>
            </param>
            <param index="3">
              <value>
                <![CDATA[Delhi]]>
              </value>
            </param>
            <param index="4">
              <value>
                <![CDATA[Delhi]]>
              </value>
            </param>
            <param index="5">
              <value>
                <![CDATA[100001]]>
              </value>
            </param>
            <param index="6">
              <value>
                <![CDATA[9999999911]]>
              </value>
            </param>
            <param index="7">
              <value>
                <![CDATA[afsoo@abc.com]]>
              </value>
            </param>
            <param index="8">
              <value>
                <![CDATA[xyz2]]>
              </value>
            </param>
          </params>
          <reporter-output>
          </reporter-output>
        </test-method> <!-- enterCustomerDataHere -->
      </class> <!-- test_cases.NewCustomerTest -->
      <class name="test_cases.LoginTest">
        <test-method status="PASS" signature="setup()[pri:0, instance:test_cases.LoginTest@1a1d6a08]" name="setup" is-config="true" duration-ms="63" started-at="2020-03-11T19:39:09 IST" finished-at="2020-03-11T19:39:09 IST">
          <reporter-output>
          </reporter-output>
        </test-method> <!-- setup -->
        <test-method status="PASS" signature="setUp()[pri:0, instance:test_cases.LoginTest@1a1d6a08]" name="setUp" is-config="true" duration-ms="13990" started-at="2020-03-11T19:39:09 IST" finished-at="2020-03-11T19:39:23 IST">
          <reporter-output>
          </reporter-output>
        </test-method> <!-- setUp -->
        <test-method status="PASS" signature="login()[pri:0, instance:test_cases.LoginTest@1a1d6a08]" name="login" duration-ms="2095" started-at="2020-03-11T19:39:23 IST" finished-at="2020-03-11T19:39:25 IST">
          <reporter-output>
          </reporter-output>
        </test-method> <!-- login -->
      </class> <!-- test_cases.LoginTest -->
      <class name="test_cases.HomePageTest">
        <test-method status="PASS" signature="setup()[pri:0, instance:test_cases.HomePageTest@37d31475]" name="setup" is-config="true" duration-ms="6" started-at="2020-03-11T19:39:25 IST" finished-at="2020-03-11T19:39:25 IST">
          <reporter-output>
          </reporter-output>
        </test-method> <!-- setup -->
        <test-method status="PASS" signature="setUp()[pri:0, instance:test_cases.HomePageTest@37d31475]" name="setUp" is-config="true" duration-ms="3" started-at="2020-03-11T19:39:25 IST" finished-at="2020-03-11T19:39:25 IST">
          <reporter-output>
          </reporter-output>
        </test-method> <!-- setUp -->
        <test-method status="PASS" signature="login()[pri:0, instance:test_cases.HomePageTest@37d31475]" name="login" duration-ms="1030" started-at="2020-03-11T19:39:25 IST" finished-at="2020-03-11T19:39:26 IST">
          <reporter-output>
          </reporter-output>
        </test-method> <!-- login -->
      </class> <!-- test_cases.HomePageTest -->
    </test> <!-- PTC UI Frameork -->
  </suite> <!-- Suite -->
</testng-results>
